<?xml version="1.0" encoding="UTF-8"?>
<testsuite name="TestSuite" time="1.159" tests="4" errors="0" skipped="3" failures="1">
  <properties>
[...]
</properties>
  <testcase name="initPage" classname="com.longteng.selenium.testcase.P2pLoginCase" time="1.159">
    <failure type="java.lang.ExceptionInInitializerError:"><![CDATA[java.lang.ExceptionInInitializerError: null
	at org.openqa.selenium.firefox.internal.Executable.locateFirefoxBinaryFromSystemProperty(Executable.java:146)
	at org.openqa.selenium.firefox.internal.Executable.<clinit>(Executable.java:45)
	at org.openqa.selenium.firefox.FirefoxBinary.<init>(FirefoxBinary.java:60)
	at org.openqa.selenium.firefox.FirefoxBinary.<init>(FirefoxBinary.java:56)
	at org.openqa.selenium.firefox.FirefoxDriver.<init>(FirefoxDriver.java:120)
	at com.longteng.qa.webdriver.DriverBase.launch(DriverBase.java:47)
	at com.longteng.selenium.testcase.P2pLoginCase.initPage(P2pLoginCase.java:18)
]]></failure>
    <system-out><![CDATA[[Longteng 2016-11-12 22:05:02] =======================================================
[Longteng 2016-11-12 22:05:02]                     测试框架执行开始
[Longteng 2016-11-12 22:05:02] =======================================================
[Longteng 2016-11-12 22:05:02] 初始化配置文件
browser的值为；Firefox
browserLocation的值为；C:\Firefox\firefox.exe
[LongTeng 2016-11-12 22:05:02] 打开Firefox浏览器
]]></system-out>
  </testcase>
  <testcase name="loginCase" classname="com.longteng.selenium.testcase.P2pLoginCase" time="0">
    <skipped/>
    <system-out><![CDATA[[Ljava.lang.String;@7f768063sssssssssssss
[Ljava.lang.String;@3ce724f5sssssssssssss
]]></system-out>
  </testcase>
  <testcase name="loginCase" classname="com.longteng.selenium.testcase.P2pLoginCase" time="0">
    <skipped/>
    <system-out><![CDATA[[LongTeng 2016-11-12 22:05:02] =======================================================
[LongTeng 2016-11-12 22:05:02] 测试方法 【loginCase】 执行跳过
[LongTeng 2016-11-12 22:05:02] =======================================================
]]></system-out>
  </testcase>
  <testcase name="closedBrow" classname="com.longteng.selenium.testcase.P2pLoginCase" time="0">
    <skipped/>
    <system-out><![CDATA[[LongTeng 2016-11-12 22:05:02] =======================================================
[LongTeng 2016-11-12 22:05:02] 测试方法 【loginCase】 执行跳过
[LongTeng 2016-11-12 22:05:02] =======================================================
]]></system-out>
  </testcase>
</testsuite>