<?xml version="1.0" encoding="UTF-8"?>
<testsuite name="TestSuite" time="125.415" tests="5" errors="0" skipped="0" failures="1">
  <properties>
[...]
</properties>
  <testcase name="addCreditCase" classname="com.longteng.selenium.testcase.AllCreditCase" time="42.908"/>
  <testcase name="addCreditCase" classname="com.longteng.selenium.testcase.AllCreditCase" time="36.276"/>
  <testcase name="addCreditCase" classname="com.longteng.selenium.testcase.AllCreditCase" time="32.972">
    <failure message="Unexpected modal dialog (text: 鏃犳硶鏁撮櫎): 鏃犳硶鏁撮櫎&#10;Build info: version: &apos;2.53.1&apos;, revision: &apos;a36b8b1cd5757287168e54b817830adce9b0158d&apos;, time: &apos;2016-06-30 19:26:09&apos;&#10;System info: host: &apos;DESKTOP-CTUQCKS&apos;, ip: &apos;192.168.1.6&apos;, os.name: &apos;Windows 8.1&apos;, os.arch: &apos;amd64&apos;, os.version: &apos;6.3&apos;, java.version: &apos;1.7.0_80&apos;&#10;*** Element info: {Using=name, value=enddate}&#10;Session ID: 7158925a-b20b-4464-bf9d-71778be778b6&#10;Driver info: org.openqa.selenium.firefox.FirefoxDriver&#10;Capabilities [{platform=WINDOWS, acceptSslCerts=true, javascriptEnabled=true, cssSelectorsEnabled=true, databaseEnabled=true, browserName=firefox, handlesAlerts=true, nativeEvents=false, webStorageEnabled=true, rotatable=false, locationContextEnabled=true, applicationCacheEnabled=true, takesScreenshot=true, version=34.0}]" type="org.openqa.selenium.UnhandledAlertException">org.openqa.selenium.UnhandledAlertException: Unexpected modal dialog (text: 鏃犳硶鏁撮櫎): 鏃犳硶鏁撮櫎
Build info: version: '2.53.1', revision: 'a36b8b1cd5757287168e54b817830adce9b0158d', time: '2016-06-30 19:26:09'
System info: host: 'DESKTOP-CTUQCKS', ip: '192.168.1.6', os.name: 'Windows 8.1', os.arch: 'amd64', os.version: '6.3', java.version: '1.7.0_80'
*** Element info: {Using=name, value=enddate}
Session ID: 7158925a-b20b-4464-bf9d-71778be778b6
Driver info: org.openqa.selenium.firefox.FirefoxDriver
Capabilities [{platform=WINDOWS, acceptSslCerts=true, javascriptEnabled=true, cssSelectorsEnabled=true, databaseEnabled=true, browserName=firefox, handlesAlerts=true, nativeEvents=false, webStorageEnabled=true, rotatable=false, locationContextEnabled=true, applicationCacheEnabled=true, takesScreenshot=true, version=34.0}]
	at sun.reflect.NativeConstructorAccessorImpl.newInstance0(Native Method)
	at sun.reflect.NativeConstructorAccessorImpl.newInstance(NativeConstructorAccessorImpl.java:57)
	at sun.reflect.DelegatingConstructorAccessorImpl.newInstance(DelegatingConstructorAccessorImpl.java:45)
	at java.lang.reflect.Constructor.newInstance(Constructor.java:526)
	at org.openqa.selenium.remote.ErrorHandler.createThrowable(ErrorHandler.java:206)
	at org.openqa.selenium.remote.ErrorHandler.createUnhandledAlertException(ErrorHandler.java:187)
	at org.openqa.selenium.remote.ErrorHandler.throwIfResponseFailed(ErrorHandler.java:154)
	at org.openqa.selenium.remote.RemoteWebDriver.execute(RemoteWebDriver.java:678)
	at org.openqa.selenium.remote.RemoteWebDriver.findElement(RemoteWebDriver.java:363)
	at org.openqa.selenium.remote.RemoteWebDriver.findElementByName(RemoteWebDriver.java:461)
	at org.openqa.selenium.By$ByName.findElement(By.java:303)
	at org.openqa.selenium.remote.RemoteWebDriver.findElement(RemoteWebDriver.java:355)
	at sun.reflect.GeneratedMethodAccessor1.invoke(Unknown Source)
	at sun.reflect.DelegatingMethodAccessorImpl.invoke(DelegatingMethodAccessorImpl.java:43)
	at java.lang.reflect.Method.invoke(Method.java:606)
	at org.openqa.selenium.support.events.EventFiringWebDriver$2.invoke(EventFiringWebDriver.java:103)
	at com.sun.proxy.$Proxy8.findElement(Unknown Source)
	at org.openqa.selenium.support.events.EventFiringWebDriver.findElement(EventFiringWebDriver.java:188)
	at org.openqa.selenium.support.pagefactory.DefaultElementLocator.findElement(DefaultElementLocator.java:69)
	at org.openqa.selenium.support.pagefactory.internal.LocatingElementHandler.invoke(LocatingElementHandler.java:38)
	at com.sun.proxy.$Proxy10.sendKeys(Unknown Source)
	at com.longteng.selenium.page.AllCreditPage.addCredit(AllCreditPage.java:162)
	at com.longteng.selenium.testcase.AllCreditCase.addCreditCase(AllCreditCase.java:26)
</failure>
    <system-out><![CDATA[[LongTeng 2016-11-23 22:43:57] =======================================================
[LongTeng 2016-11-23 22:43:57] 测试方法 【addCreditCase】 执行成功！
[LongTeng 2016-11-23 22:43:57] =======================================================
[LongTeng 2016-11-23 22:43:57] 点击菜单
[LongTeng 2016-11-23 22:44:28] 点击新增贷款按钮
[LongTeng 2016-11-23 22:44:28] 填写新增贷款详细信息！
[LongTeng 2016-11-23 22:44:29] 输入贷款用途
[LongTeng 2016-11-23 22:44:29] 输入简称
[LongTeng 2016-11-23 22:44:29] 输入会员名称
[LongTeng 2016-11-23 22:44:29] 选择分类信息
[LongTeng 2016-11-23 22:44:29] 选择借款用途
[LongTeng 2016-11-23 22:44:29] 选择借合同类型
[LongTeng 2016-11-23 22:44:30] 选择转让合同类型
[LongTeng 2016-11-23 22:44:30] 借款金额
[LongTeng 2016-11-23 22:44:30] 输入第三方保证金
[LongTeng 2016-11-23 22:44:30] 输入最低投标金额
[LongTeng 2016-11-23 22:44:30] 输入年率利
[LongTeng 2016-11-23 22:44:30] 输入投标期限
]]></system-out>
  </testcase>
  <testcase name="loginCase" classname="com.longteng.selenium.testcase.P2pLoginCase" time="7.122"/>
  <testcase name="loginCase" classname="com.longteng.selenium.testcase.P2pLoginCase" time="6.137"/>
</testsuite>