<?xml version="1.0" encoding="UTF-8"?>
<testng-results skipped="0" failed="1" total="5" passed="4">
  <reporter-output>
    <line>
      <![CDATA[[Longteng 2016-11-23 22:42:29] =======================================================]]>
    </line>
    <line>
      <![CDATA[[Longteng 2016-11-23 22:42:29]                     测试框架执行开始]]>
    </line>
    <line>
      <![CDATA[[Longteng 2016-11-23 22:42:29] =======================================================]]>
    </line>
    <line>
      <![CDATA[[Longteng 2016-11-23 22:42:29] 初始化配置文件]]>
    </line>
    <line>
      <![CDATA[[LongTeng 2016-11-23 22:42:29] 打开Firefox浏览器]]>
    </line>
    <line>
      <![CDATA[[LongTeng 2016-11-23 22:42:36] 设置全局显示等待:30]]>
    </line>
    <line>
      <![CDATA[[LongTeng 2016-11-23 22:42:36] 进入测试网址http://115.28.108.130/p2p3.6/p2psource/m.php]]>
    </line>
    <line>
      <![CDATA[[LongTeng 2016-11-23 22:42:38] 点击菜单]]>
    </line>
    <line>
      <![CDATA[[LongTeng 2016-11-23 22:43:14] 点击新增贷款按钮]]>
    </line>
    <line>
      <![CDATA[[LongTeng 2016-11-23 22:43:14] 填写新增贷款详细信息！]]>
    </line>
    <line>
      <![CDATA[[LongTeng 2016-11-23 22:43:15] 输入贷款用途]]>
    </line>
    <line>
      <![CDATA[[LongTeng 2016-11-23 22:43:15] 输入简称]]>
    </line>
    <line>
      <![CDATA[[LongTeng 2016-11-23 22:43:15] 输入会员名称]]>
    </line>
    <line>
      <![CDATA[[LongTeng 2016-11-23 22:43:16] 选择分类信息]]>
    </line>
    <line>
      <![CDATA[[LongTeng 2016-11-23 22:43:16] 选择借款用途]]>
    </line>
    <line>
      <![CDATA[[LongTeng 2016-11-23 22:43:16] 选择借合同类型]]>
    </line>
    <line>
      <![CDATA[[LongTeng 2016-11-23 22:43:16] 选择转让合同类型]]>
    </line>
    <line>
      <![CDATA[[LongTeng 2016-11-23 22:43:16] 借款金额]]>
    </line>
    <line>
      <![CDATA[[LongTeng 2016-11-23 22:43:16] 输入第三方保证金]]>
    </line>
    <line>
      <![CDATA[[LongTeng 2016-11-23 22:43:16] 输入最低投标金额]]>
    </line>
    <line>
      <![CDATA[[LongTeng 2016-11-23 22:43:16] 输入年率利]]>
    </line>
    <line>
      <![CDATA[[LongTeng 2016-11-23 22:43:16] 输入投标期限]]>
    </line>
    <line>
      <![CDATA[[LongTeng 2016-11-23 22:43:16] 点击提交按钮！]]>
    </line>
    <line>
      <![CDATA[[LongTeng 2016-11-23 22:43:21] =======================================================]]>
    </line>
    <line>
      <![CDATA[[LongTeng 2016-11-23 22:43:21] 测试方法 【addCreditCase】 执行成功！]]>
    </line>
    <line>
      <![CDATA[[LongTeng 2016-11-23 22:43:21] =======================================================]]>
    </line>
    <line>
      <![CDATA[[LongTeng 2016-11-23 22:43:21] 点击菜单]]>
    </line>
    <line>
      <![CDATA[[LongTeng 2016-11-23 22:43:52] 点击新增贷款按钮]]>
    </line>
    <line>
      <![CDATA[[LongTeng 2016-11-23 22:43:52] 填写新增贷款详细信息！]]>
    </line>
    <line>
      <![CDATA[[LongTeng 2016-11-23 22:43:53] 输入贷款用途]]>
    </line>
    <line>
      <![CDATA[[LongTeng 2016-11-23 22:43:53] 输入简称]]>
    </line>
    <line>
      <![CDATA[[LongTeng 2016-11-23 22:43:53] 输入会员名称]]>
    </line>
    <line>
      <![CDATA[[LongTeng 2016-11-23 22:43:53] 选择分类信息]]>
    </line>
    <line>
      <![CDATA[[LongTeng 2016-11-23 22:43:54] 选择借款用途]]>
    </line>
    <line>
      <![CDATA[[LongTeng 2016-11-23 22:43:54] 选择借合同类型]]>
    </line>
    <line>
      <![CDATA[[LongTeng 2016-11-23 22:43:54] 选择转让合同类型]]>
    </line>
    <line>
      <![CDATA[[LongTeng 2016-11-23 22:43:54] 借款金额]]>
    </line>
    <line>
      <![CDATA[[LongTeng 2016-11-23 22:43:54] 输入第三方保证金]]>
    </line>
    <line>
      <![CDATA[[LongTeng 2016-11-23 22:43:54] 输入最低投标金额]]>
    </line>
    <line>
      <![CDATA[[LongTeng 2016-11-23 22:43:54] 输入年率利]]>
    </line>
    <line>
      <![CDATA[[LongTeng 2016-11-23 22:43:54] 输入投标期限]]>
    </line>
    <line>
      <![CDATA[[LongTeng 2016-11-23 22:43:54] 点击提交按钮！]]>
    </line>
    <line>
      <![CDATA[[LongTeng 2016-11-23 22:43:57] =======================================================]]>
    </line>
    <line>
      <![CDATA[[LongTeng 2016-11-23 22:43:57] 测试方法 【addCreditCase】 执行成功！]]>
    </line>
    <line>
      <![CDATA[[LongTeng 2016-11-23 22:43:57] =======================================================]]>
    </line>
    <line>
      <![CDATA[[LongTeng 2016-11-23 22:43:57] 点击菜单]]>
    </line>
    <line>
      <![CDATA[[LongTeng 2016-11-23 22:44:28] 点击新增贷款按钮]]>
    </line>
    <line>
      <![CDATA[[LongTeng 2016-11-23 22:44:28] 填写新增贷款详细信息！]]>
    </line>
    <line>
      <![CDATA[[LongTeng 2016-11-23 22:44:29] 输入贷款用途]]>
    </line>
    <line>
      <![CDATA[[LongTeng 2016-11-23 22:44:29] 输入简称]]>
    </line>
    <line>
      <![CDATA[[LongTeng 2016-11-23 22:44:29] 输入会员名称]]>
    </line>
    <line>
      <![CDATA[[LongTeng 2016-11-23 22:44:29] 选择分类信息]]>
    </line>
    <line>
      <![CDATA[[LongTeng 2016-11-23 22:44:29] 选择借款用途]]>
    </line>
    <line>
      <![CDATA[[LongTeng 2016-11-23 22:44:29] 选择借合同类型]]>
    </line>
    <line>
      <![CDATA[[LongTeng 2016-11-23 22:44:30] 选择转让合同类型]]>
    </line>
    <line>
      <![CDATA[[LongTeng 2016-11-23 22:44:30] 借款金额]]>
    </line>
    <line>
      <![CDATA[[LongTeng 2016-11-23 22:44:30] 输入第三方保证金]]>
    </line>
    <line>
      <![CDATA[[LongTeng 2016-11-23 22:44:30] 输入最低投标金额]]>
    </line>
    <line>
      <![CDATA[[LongTeng 2016-11-23 22:44:30] 输入年率利]]>
    </line>
    <line>
      <![CDATA[[LongTeng 2016-11-23 22:44:30] 输入投标期限]]>
    </line>
    <line>
      <![CDATA[[LongTeng 2016-11-23 22:44:30] =======================================================]]>
    </line>
    <line>
      <![CDATA[[LongTeng 2016-11-23 22:44:30] 测试方法 【addCreditCase】 执行失败]]>
    </line>
    <line>
      <![CDATA[[LongTeng 2016-11-23 22:44:30] 请参考：<a href="../screenshot/addCreditCase_1479912270651.jpg" style="color:red;">addCreditCase_1479912270651.jpg</font></a>]]>
    </line>
    <line>
      <![CDATA[[LongTeng 2016-11-23 22:44:30] 失败原因为：Unexpected modal dialog (text: 无法整除): 无法整除
Build info: version: '2.53.1', revision: 'a36b8b1cd5757287168e54b817830adce9b0158d', time: '2016-06-30 19:26:09'
System info: host: 'DESKTOP-CTUQCKS', ip: '192.168.1.6', os.name: 'Windows 8.1', os.arch: 'amd64', os.version: '6.3', java.version: '1.7.0_80'
*** Element info: {Using=name, value=enddate}
Session ID: 7158925a-b20b-4464-bf9d-71778be778b6
Driver info: org.openqa.selenium.firefox.FirefoxDriver
Capabilities [{platform=WINDOWS, acceptSslCerts=true, javascriptEnabled=true, cssSelectorsEnabled=true, databaseEnabled=true, browserName=firefox, handlesAlerts=true, nativeEvents=false, webStorageEnabled=true, rotatable=false, locationContextEnabled=true, applicationCacheEnabled=true, takesScreenshot=true, version=34.0}]]]>
    </line>
    <line>
      <![CDATA[[LongTeng 2016-11-23 22:44:30] =======================================================]]>
    </line>
    <line>
      <![CDATA[[LongTeng 2016-11-23 22:44:32] 打开Firefox浏览器]]>
    </line>
    <line>
      <![CDATA[[LongTeng 2016-11-23 22:44:35] 设置全局显示等待:30]]>
    </line>
    <line>
      <![CDATA[[LongTeng 2016-11-23 22:44:37] 输入用户名：admin]]>
    </line>
    <line>
      <![CDATA[[LongTeng 2016-11-23 22:44:37] 输入密码：admin]]>
    </line>
    <line>
      <![CDATA[[LongTeng 2016-11-23 22:44:37] 输入验证码：1111]]>
    </line>
    <line>
      <![CDATA[[LongTeng 2016-11-23 22:44:37] 点击登录按钮]]>
    </line>
    <line>
      <![CDATA[[LongTeng 2016-11-23 22:44:43] 登录成功！]]>
    </line>
    <line>
      <![CDATA[[LongTeng 2016-11-23 22:44:43] =======================================================]]>
    </line>
    <line>
      <![CDATA[[LongTeng 2016-11-23 22:44:43] 测试方法 【loginCase】 执行成功！]]>
    </line>
    <line>
      <![CDATA[[LongTeng 2016-11-23 22:44:43] =======================================================]]>
    </line>
    <line>
      <![CDATA[[LongTeng 2016-11-23 22:44:44] 输入用户名：andawei]]>
    </line>
    <line>
      <![CDATA[[LongTeng 2016-11-23 22:44:44] 输入密码：123456]]>
    </line>
    <line>
      <![CDATA[[LongTeng 2016-11-23 22:44:44] 输入验证码：1111]]>
    </line>
    <line>
      <![CDATA[[LongTeng 2016-11-23 22:44:44] 点击登录按钮]]>
    </line>
    <line>
      <![CDATA[[LongTeng 2016-11-23 22:44:49] 登录成功！]]>
    </line>
    <line>
      <![CDATA[[LongTeng 2016-11-23 22:44:49] =======================================================]]>
    </line>
    <line>
      <![CDATA[[LongTeng 2016-11-23 22:44:49] 测试方法 【loginCase】 执行成功！]]>
    </line>
    <line>
      <![CDATA[[LongTeng 2016-11-23 22:44:49] =======================================================]]>
    </line>
  </reporter-output>
  <suite name="suite" duration-ms="140031" started-at="2016-11-23T14:42:29Z" finished-at="2016-11-23T14:44:49Z">
    <groups>
    </groups>
    <test name="test" duration-ms="140031" started-at="2016-11-23T14:42:29Z" finished-at="2016-11-23T14:44:49Z">
      <class name="com.longteng.selenium.testcase.P2pLoginCase">
        <test-method status="PASS" signature="initPage()[pri:0, instance:com.longteng.selenium.testcase.P2pLoginCase@5ed56a40]" name="initPage" is-config="true" duration-ms="4054" started-at="2016-11-23T22:44:32Z" finished-at="2016-11-23T22:44:36Z">
          <reporter-output>
            <line>
              <![CDATA[[LongTeng 2016-11-23 22:44:32] 打开Firefox浏览器]]>
            </line>
            <line>
              <![CDATA[[LongTeng 2016-11-23 22:44:35] 设置全局显示等待:30]]>
            </line>
          </reporter-output>
        </test-method> <!-- initPage -->
        <test-method status="PASS" signature="loginCase(java.lang.String, java.lang.String)[pri:0, instance:com.longteng.selenium.testcase.P2pLoginCase@5ed56a40]" name="loginCase" duration-ms="7121" started-at="2016-11-23T22:44:36Z" data-provider="csv" finished-at="2016-11-23T22:44:43Z">
          <params>
            <param index="0">
              <value>
                <![CDATA[admin]]>
              </value>
            </param>
            <param index="1">
              <value>
                <![CDATA[admin]]>
              </value>
            </param>
          </params>
          <reporter-output>
            <line>
              <![CDATA[[LongTeng 2016-11-23 22:44:37] 输入用户名：admin]]>
            </line>
            <line>
              <![CDATA[[LongTeng 2016-11-23 22:44:37] 输入密码：admin]]>
            </line>
            <line>
              <![CDATA[[LongTeng 2016-11-23 22:44:37] 输入验证码：1111]]>
            </line>
            <line>
              <![CDATA[[LongTeng 2016-11-23 22:44:37] 点击登录按钮]]>
            </line>
            <line>
              <![CDATA[[LongTeng 2016-11-23 22:44:43] 登录成功！]]>
            </line>
            <line>
              <![CDATA[[LongTeng 2016-11-23 22:44:43] =======================================================]]>
            </line>
            <line>
              <![CDATA[[LongTeng 2016-11-23 22:44:43] 测试方法 【loginCase】 执行成功！]]>
            </line>
            <line>
              <![CDATA[[LongTeng 2016-11-23 22:44:43] =======================================================]]>
            </line>
          </reporter-output>
        </test-method> <!-- loginCase -->
        <test-method status="PASS" signature="loginCase(java.lang.String, java.lang.String)[pri:0, instance:com.longteng.selenium.testcase.P2pLoginCase@5ed56a40]" name="loginCase" duration-ms="6137" started-at="2016-11-23T22:44:43Z" data-provider="csv" finished-at="2016-11-23T22:44:49Z">
          <params>
            <param index="0">
              <value>
                <![CDATA[andawei]]>
              </value>
            </param>
            <param index="1">
              <value>
                <![CDATA[123456]]>
              </value>
            </param>
          </params>
          <reporter-output>
            <line>
              <![CDATA[[LongTeng 2016-11-23 22:44:44] 输入用户名：andawei]]>
            </line>
            <line>
              <![CDATA[[LongTeng 2016-11-23 22:44:44] 输入密码：123456]]>
            </line>
            <line>
              <![CDATA[[LongTeng 2016-11-23 22:44:44] 输入验证码：1111]]>
            </line>
            <line>
              <![CDATA[[LongTeng 2016-11-23 22:44:44] 点击登录按钮]]>
            </line>
            <line>
              <![CDATA[[LongTeng 2016-11-23 22:44:49] 登录成功！]]>
            </line>
            <line>
              <![CDATA[[LongTeng 2016-11-23 22:44:49] =======================================================]]>
            </line>
            <line>
              <![CDATA[[LongTeng 2016-11-23 22:44:49] 测试方法 【loginCase】 执行成功！]]>
            </line>
            <line>
              <![CDATA[[LongTeng 2016-11-23 22:44:49] =======================================================]]>
            </line>
          </reporter-output>
        </test-method> <!-- loginCase -->
        <test-method status="PASS" signature="closedBrow()[pri:0, instance:com.longteng.selenium.testcase.P2pLoginCase@5ed56a40]" name="closedBrow" is-config="true" duration-ms="34" started-at="2016-11-23T22:44:49Z" finished-at="2016-11-23T22:44:49Z">
          <reporter-output>
          </reporter-output>
        </test-method> <!-- closedBrow -->
      </class> <!-- com.longteng.selenium.testcase.P2pLoginCase -->
      <class name="com.longteng.selenium.testcase.AllCreditCase">
        <test-method status="PASS" signature="beforeTestBase()[pri:0, instance:com.longteng.selenium.testcase.AllCreditCase@7413eb5b]" name="beforeTestBase" is-config="true" duration-ms="9" started-at="2016-11-23T22:42:29Z" finished-at="2016-11-23T22:42:29Z">
          <reporter-output>
          </reporter-output>
        </test-method> <!-- beforeTestBase -->
        <test-method status="PASS" signature="beforeBaseClass()[pri:0, instance:com.longteng.selenium.testcase.AllCreditCase@7413eb5b]" name="beforeBaseClass" is-config="true" duration-ms="8826" started-at="2016-11-23T22:42:29Z" finished-at="2016-11-23T22:42:38Z">
          <reporter-output>
            <line>
              <![CDATA[[LongTeng 2016-11-23 22:42:29] 打开Firefox浏览器]]>
            </line>
            <line>
              <![CDATA[[LongTeng 2016-11-23 22:42:36] 设置全局显示等待:30]]>
            </line>
            <line>
              <![CDATA[[LongTeng 2016-11-23 22:42:36] 进入测试网址http://115.28.108.130/p2p3.6/p2psource/m.php]]>
            </line>
          </reporter-output>
        </test-method> <!-- beforeBaseClass -->
        <test-method status="PASS" signature="addCreditCase(java.lang.String)[pri:0, instance:com.longteng.selenium.testcase.AllCreditCase@7413eb5b]" name="addCreditCase" duration-ms="42909" started-at="2016-11-23T22:42:38Z" data-provider="csv" finished-at="2016-11-23T22:43:21Z">
          <params>
            <param index="0">
              <value>
                <![CDATA[10000]]>
              </value>
            </param>
          </params>
          <reporter-output>
            <line>
              <![CDATA[[LongTeng 2016-11-23 22:42:38] 点击菜单]]>
            </line>
            <line>
              <![CDATA[[LongTeng 2016-11-23 22:43:14] 点击新增贷款按钮]]>
            </line>
            <line>
              <![CDATA[[LongTeng 2016-11-23 22:43:14] 填写新增贷款详细信息！]]>
            </line>
            <line>
              <![CDATA[[LongTeng 2016-11-23 22:43:15] 输入贷款用途]]>
            </line>
            <line>
              <![CDATA[[LongTeng 2016-11-23 22:43:15] 输入简称]]>
            </line>
            <line>
              <![CDATA[[LongTeng 2016-11-23 22:43:15] 输入会员名称]]>
            </line>
            <line>
              <![CDATA[[LongTeng 2016-11-23 22:43:16] 选择分类信息]]>
            </line>
            <line>
              <![CDATA[[LongTeng 2016-11-23 22:43:16] 选择借款用途]]>
            </line>
            <line>
              <![CDATA[[LongTeng 2016-11-23 22:43:16] 选择借合同类型]]>
            </line>
            <line>
              <![CDATA[[LongTeng 2016-11-23 22:43:16] 选择转让合同类型]]>
            </line>
            <line>
              <![CDATA[[LongTeng 2016-11-23 22:43:16] 借款金额]]>
            </line>
            <line>
              <![CDATA[[LongTeng 2016-11-23 22:43:16] 输入第三方保证金]]>
            </line>
            <line>
              <![CDATA[[LongTeng 2016-11-23 22:43:16] 输入最低投标金额]]>
            </line>
            <line>
              <![CDATA[[LongTeng 2016-11-23 22:43:16] 输入年率利]]>
            </line>
            <line>
              <![CDATA[[LongTeng 2016-11-23 22:43:16] 输入投标期限]]>
            </line>
            <line>
              <![CDATA[[LongTeng 2016-11-23 22:43:16] 点击提交按钮！]]>
            </line>
            <line>
              <![CDATA[[LongTeng 2016-11-23 22:43:21] =======================================================]]>
            </line>
            <line>
              <![CDATA[[LongTeng 2016-11-23 22:43:21] 测试方法 【addCreditCase】 执行成功！]]>
            </line>
            <line>
              <![CDATA[[LongTeng 2016-11-23 22:43:21] =======================================================]]>
            </line>
          </reporter-output>
        </test-method> <!-- addCreditCase -->
        <test-method status="PASS" signature="addCreditCase(java.lang.String)[pri:0, instance:com.longteng.selenium.testcase.AllCreditCase@7413eb5b]" name="addCreditCase" duration-ms="36277" started-at="2016-11-23T22:43:21Z" data-provider="csv" finished-at="2016-11-23T22:43:57Z">
          <params>
            <param index="0">
              <value>
                <![CDATA[200000]]>
              </value>
            </param>
          </params>
          <reporter-output>
            <line>
              <![CDATA[[LongTeng 2016-11-23 22:43:21] 点击菜单]]>
            </line>
            <line>
              <![CDATA[[LongTeng 2016-11-23 22:43:52] 点击新增贷款按钮]]>
            </line>
            <line>
              <![CDATA[[LongTeng 2016-11-23 22:43:52] 填写新增贷款详细信息！]]>
            </line>
            <line>
              <![CDATA[[LongTeng 2016-11-23 22:43:53] 输入贷款用途]]>
            </line>
            <line>
              <![CDATA[[LongTeng 2016-11-23 22:43:53] 输入简称]]>
            </line>
            <line>
              <![CDATA[[LongTeng 2016-11-23 22:43:53] 输入会员名称]]>
            </line>
            <line>
              <![CDATA[[LongTeng 2016-11-23 22:43:53] 选择分类信息]]>
            </line>
            <line>
              <![CDATA[[LongTeng 2016-11-23 22:43:54] 选择借款用途]]>
            </line>
            <line>
              <![CDATA[[LongTeng 2016-11-23 22:43:54] 选择借合同类型]]>
            </line>
            <line>
              <![CDATA[[LongTeng 2016-11-23 22:43:54] 选择转让合同类型]]>
            </line>
            <line>
              <![CDATA[[LongTeng 2016-11-23 22:43:54] 借款金额]]>
            </line>
            <line>
              <![CDATA[[LongTeng 2016-11-23 22:43:54] 输入第三方保证金]]>
            </line>
            <line>
              <![CDATA[[LongTeng 2016-11-23 22:43:54] 输入最低投标金额]]>
            </line>
            <line>
              <![CDATA[[LongTeng 2016-11-23 22:43:54] 输入年率利]]>
            </line>
            <line>
              <![CDATA[[LongTeng 2016-11-23 22:43:54] 输入投标期限]]>
            </line>
            <line>
              <![CDATA[[LongTeng 2016-11-23 22:43:54] 点击提交按钮！]]>
            </line>
            <line>
              <![CDATA[[LongTeng 2016-11-23 22:43:57] =======================================================]]>
            </line>
            <line>
              <![CDATA[[LongTeng 2016-11-23 22:43:57] 测试方法 【addCreditCase】 执行成功！]]>
            </line>
            <line>
              <![CDATA[[LongTeng 2016-11-23 22:43:57] =======================================================]]>
            </line>
          </reporter-output>
        </test-method> <!-- addCreditCase -->
        <test-method status="FAIL" signature="addCreditCase(java.lang.String)[pri:0, instance:com.longteng.selenium.testcase.AllCreditCase@7413eb5b]" name="addCreditCase" duration-ms="32955" started-at="2016-11-23T22:43:57Z" data-provider="csv" finished-at="2016-11-23T22:44:30Z">
          <params>
            <param index="0">
              <value>
                <![CDATA[127822]]>
              </value>
            </param>
          </params>
          <exception class="org.openqa.selenium.UnhandledAlertException">
            <message>
              <![CDATA[Unexpected modal dialog (text: 无法整除): 无法整除
Build info: version: '2.53.1', revision: 'a36b8b1cd5757287168e54b817830adce9b0158d', time: '2016-06-30 19:26:09'
System info: host: 'DESKTOP-CTUQCKS', ip: '192.168.1.6', os.name: 'Windows 8.1', os.arch: 'amd64', os.version: '6.3', java.version: '1.7.0_80'
*** Element info: {Using=name, value=enddate}
Session ID: 7158925a-b20b-4464-bf9d-71778be778b6
Driver info: org.openqa.selenium.firefox.FirefoxDriver
Capabilities [{platform=WINDOWS, acceptSslCerts=true, javascriptEnabled=true, cssSelectorsEnabled=true, databaseEnabled=true, browserName=firefox, handlesAlerts=true, nativeEvents=false, webStorageEnabled=true, rotatable=false, locationContextEnabled=true, applicationCacheEnabled=true, takesScreenshot=true, version=34.0}]]]>
            </message>
            <full-stacktrace>
              <![CDATA[org.openqa.selenium.UnhandledAlertException: Unexpected modal dialog (text: 无法整除): 无法整除
Build info: version: '2.53.1', revision: 'a36b8b1cd5757287168e54b817830adce9b0158d', time: '2016-06-30 19:26:09'
System info: host: 'DESKTOP-CTUQCKS', ip: '192.168.1.6', os.name: 'Windows 8.1', os.arch: 'amd64', os.version: '6.3', java.version: '1.7.0_80'
*** Element info: {Using=name, value=enddate}
Session ID: 7158925a-b20b-4464-bf9d-71778be778b6
Driver info: org.openqa.selenium.firefox.FirefoxDriver
Capabilities [{platform=WINDOWS, acceptSslCerts=true, javascriptEnabled=true, cssSelectorsEnabled=true, databaseEnabled=true, browserName=firefox, handlesAlerts=true, nativeEvents=false, webStorageEnabled=true, rotatable=false, locationContextEnabled=true, applicationCacheEnabled=true, takesScreenshot=true, version=34.0}]
	at sun.reflect.NativeConstructorAccessorImpl.newInstance0(Native Method)
	at sun.reflect.NativeConstructorAccessorImpl.newInstance(NativeConstructorAccessorImpl.java:57)
	at sun.reflect.DelegatingConstructorAccessorImpl.newInstance(DelegatingConstructorAccessorImpl.java:45)
	at java.lang.reflect.Constructor.newInstance(Constructor.java:526)
	at org.openqa.selenium.remote.ErrorHandler.createThrowable(ErrorHandler.java:206)
	at org.openqa.selenium.remote.ErrorHandler.createUnhandledAlertException(ErrorHandler.java:187)
	at org.openqa.selenium.remote.ErrorHandler.throwIfResponseFailed(ErrorHandler.java:154)
	at org.openqa.selenium.remote.RemoteWebDriver.execute(RemoteWebDriver.java:678)
	at org.openqa.selenium.remote.RemoteWebDriver.findElement(RemoteWebDriver.java:363)
	at org.openqa.selenium.remote.RemoteWebDriver.findElementByName(RemoteWebDriver.java:461)
	at org.openqa.selenium.By$ByName.findElement(By.java:303)
	at org.openqa.selenium.remote.RemoteWebDriver.findElement(RemoteWebDriver.java:355)
	at sun.reflect.GeneratedMethodAccessor1.invoke(Unknown Source)
	at sun.reflect.DelegatingMethodAccessorImpl.invoke(DelegatingMethodAccessorImpl.java:43)
	at java.lang.reflect.Method.invoke(Method.java:606)
	at org.openqa.selenium.support.events.EventFiringWebDriver$2.invoke(EventFiringWebDriver.java:103)
	at com.sun.proxy.$Proxy8.findElement(Unknown Source)
	at org.openqa.selenium.support.events.EventFiringWebDriver.findElement(EventFiringWebDriver.java:188)
	at org.openqa.selenium.support.pagefactory.DefaultElementLocator.findElement(DefaultElementLocator.java:69)
	at org.openqa.selenium.support.pagefactory.internal.LocatingElementHandler.invoke(LocatingElementHandler.java:38)
	at com.sun.proxy.$Proxy10.sendKeys(Unknown Source)
	at com.longteng.selenium.page.AllCreditPage.addCredit(AllCreditPage.java:162)
	at com.longteng.selenium.testcase.AllCreditCase.addCreditCase(AllCreditCase.java:26)
	at sun.reflect.NativeMethodAccessorImpl.invoke0(Native Method)
	at sun.reflect.NativeMethodAccessorImpl.invoke(NativeMethodAccessorImpl.java:57)
	at sun.reflect.DelegatingMethodAccessorImpl.invoke(DelegatingMethodAccessorImpl.java:43)
	at java.lang.reflect.Method.invoke(Method.java:606)
	at org.testng.internal.MethodInvocationHelper.invokeMethod(MethodInvocationHelper.java:85)
	at org.testng.internal.Invoker.invokeMethod(Invoker.java:696)
	at org.testng.internal.Invoker.invokeTestMethod(Invoker.java:882)
	at org.testng.internal.Invoker.invokeTestMethods(Invoker.java:1189)
	at org.testng.internal.TestMethodWorker.invokeTestMethods(TestMethodWorker.java:124)
	at org.testng.internal.TestMethodWorker.run(TestMethodWorker.java:108)
	at org.testng.TestRunner.privateRun(TestRunner.java:767)
	at org.testng.TestRunner.run(TestRunner.java:617)
	at org.testng.SuiteRunner.runTest(SuiteRunner.java:348)
	at org.testng.SuiteRunner.runSequentially(SuiteRunner.java:343)
	at org.testng.SuiteRunner.privateRun(SuiteRunner.java:305)
	at org.testng.SuiteRunner.run(SuiteRunner.java:254)
	at org.testng.SuiteRunnerWorker.runSuite(SuiteRunnerWorker.java:52)
	at org.testng.SuiteRunnerWorker.run(SuiteRunnerWorker.java:86)
	at org.testng.TestNG.runSuitesSequentially(TestNG.java:1224)
	at org.testng.TestNG.runSuitesLocally(TestNG.java:1149)
	at org.testng.TestNG.run(TestNG.java:1057)
	at org.apache.maven.surefire.testng.TestNGExecutor.run(TestNGExecutor.java:217)
	at org.apache.maven.surefire.testng.TestNGXmlTestSuite.execute(TestNGXmlTestSuite.java:84)
	at org.apache.maven.surefire.testng.TestNGProvider.invoke(TestNGProvider.java:92)
	at org.apache.maven.surefire.booter.ForkedBooter.invokeProviderInSameClassLoader(ForkedBooter.java:200)
	at org.apache.maven.surefire.booter.ForkedBooter.runSuitesInProcess(ForkedBooter.java:153)
	at org.apache.maven.surefire.booter.ForkedBooter.main(ForkedBooter.java:103)
]]>
            </full-stacktrace>
          </exception> <!-- org.openqa.selenium.UnhandledAlertException -->
          <reporter-output>
            <line>
              <![CDATA[[LongTeng 2016-11-23 22:43:57] 点击菜单]]>
            </line>
            <line>
              <![CDATA[[LongTeng 2016-11-23 22:44:28] 点击新增贷款按钮]]>
            </line>
            <line>
              <![CDATA[[LongTeng 2016-11-23 22:44:28] 填写新增贷款详细信息！]]>
            </line>
            <line>
              <![CDATA[[LongTeng 2016-11-23 22:44:29] 输入贷款用途]]>
            </line>
            <line>
              <![CDATA[[LongTeng 2016-11-23 22:44:29] 输入简称]]>
            </line>
            <line>
              <![CDATA[[LongTeng 2016-11-23 22:44:29] 输入会员名称]]>
            </line>
            <line>
              <![CDATA[[LongTeng 2016-11-23 22:44:29] 选择分类信息]]>
            </line>
            <line>
              <![CDATA[[LongTeng 2016-11-23 22:44:29] 选择借款用途]]>
            </line>
            <line>
              <![CDATA[[LongTeng 2016-11-23 22:44:29] 选择借合同类型]]>
            </line>
            <line>
              <![CDATA[[LongTeng 2016-11-23 22:44:30] 选择转让合同类型]]>
            </line>
            <line>
              <![CDATA[[LongTeng 2016-11-23 22:44:30] 借款金额]]>
            </line>
            <line>
              <![CDATA[[LongTeng 2016-11-23 22:44:30] 输入第三方保证金]]>
            </line>
            <line>
              <![CDATA[[LongTeng 2016-11-23 22:44:30] 输入最低投标金额]]>
            </line>
            <line>
              <![CDATA[[LongTeng 2016-11-23 22:44:30] 输入年率利]]>
            </line>
            <line>
              <![CDATA[[LongTeng 2016-11-23 22:44:30] 输入投标期限]]>
            </line>
            <line>
              <![CDATA[[LongTeng 2016-11-23 22:44:30] =======================================================]]>
            </line>
            <line>
              <![CDATA[[LongTeng 2016-11-23 22:44:30] 测试方法 【addCreditCase】 执行失败]]>
            </line>
            <line>
              <![CDATA[[LongTeng 2016-11-23 22:44:30] 请参考：<a href="../screenshot/addCreditCase_1479912270651.jpg" style="color:red;">addCreditCase_1479912270651.jpg</font></a>]]>
            </line>
            <line>
              <![CDATA[[LongTeng 2016-11-23 22:44:30] 失败原因为：Unexpected modal dialog (text: 无法整除): 无法整除
Build info: version: '2.53.1', revision: 'a36b8b1cd5757287168e54b817830adce9b0158d', time: '2016-06-30 19:26:09'
System info: host: 'DESKTOP-CTUQCKS', ip: '192.168.1.6', os.name: 'Windows 8.1', os.arch: 'amd64', os.version: '6.3', java.version: '1.7.0_80'
*** Element info: {Using=name, value=enddate}
Session ID: 7158925a-b20b-4464-bf9d-71778be778b6
Driver info: org.openqa.selenium.firefox.FirefoxDriver
Capabilities [{platform=WINDOWS, acceptSslCerts=true, javascriptEnabled=true, cssSelectorsEnabled=true, databaseEnabled=true, browserName=firefox, handlesAlerts=true, nativeEvents=false, webStorageEnabled=true, rotatable=false, locationContextEnabled=true, applicationCacheEnabled=true, takesScreenshot=true, version=34.0}]]]>
            </line>
            <line>
              <![CDATA[[LongTeng 2016-11-23 22:44:30] =======================================================]]>
            </line>
          </reporter-output>
        </test-method> <!-- addCreditCase -->
        <test-method status="PASS" signature="afterBaseClass()[pri:0, instance:com.longteng.selenium.testcase.AllCreditCase@7413eb5b]" name="afterBaseClass" is-config="true" duration-ms="1451" started-at="2016-11-23T22:44:30Z" finished-at="2016-11-23T22:44:32Z">
          <reporter-output>
          </reporter-output>
        </test-method> <!-- afterBaseClass -->
        <test-method status="PASS" signature="afterTest()[pri:0, instance:com.longteng.selenium.testcase.AllCreditCase@7413eb5b]" name="afterTest" is-config="true" duration-ms="1" started-at="2016-11-23T22:44:49Z" finished-at="2016-11-23T22:44:49Z">
          <reporter-output>
          </reporter-output>
        </test-method> <!-- afterTest -->
      </class> <!-- com.longteng.selenium.testcase.AllCreditCase -->
    </test> <!-- test -->
  </suite> <!-- suite -->
</testng-results>
