<?xml version="1.0" encoding="UTF-8"?>
<testng-results skipped="2" failed="0" total="2" passed="0">
  <reporter-output>
    <line>
      <![CDATA[[Longteng 2016-11-12 21:59:11] =======================================================]]>
    </line>
    <line>
      <![CDATA[[Longteng 2016-11-12 21:59:11]                     测试框架执行开始]]>
    </line>
    <line>
      <![CDATA[[Longteng 2016-11-12 21:59:11] =======================================================]]>
    </line>
    <line>
      <![CDATA[[Longteng 2016-11-12 21:59:11] 初始化配置文件]]>
    </line>
    <line>
      <![CDATA[[LongTeng 2016-11-12 21:59:11] 打开Firefox浏览器]]>
    </line>
  </reporter-output>
  <suite name="suite" duration-ms="201" started-at="2016-11-12T13:59:11Z" finished-at="2016-11-12T13:59:11Z">
    <groups>
    </groups>
    <test name="test" duration-ms="201" started-at="2016-11-12T13:59:11Z" finished-at="2016-11-12T13:59:11Z">
      <class name="com.longteng.selenium.testcase.P2pLoginCase">
        <test-method status="FAIL" signature="initPage()[pri:0, instance:com.longteng.selenium.testcase.P2pLoginCase@4cbf811c]" name="initPage" is-config="true" duration-ms="0" started-at="2016-11-12T21:59:11Z" finished-at="2016-11-12T21:59:11Z">
          <exception class="java.lang.ExceptionInInitializerError">
            <full-stacktrace>
              <![CDATA[java.lang.ExceptionInInitializerError
	at org.openqa.selenium.firefox.FirefoxBinary.<init>(FirefoxBinary.java:60)
	at org.openqa.selenium.firefox.FirefoxBinary.<init>(FirefoxBinary.java:56)
	at org.openqa.selenium.firefox.FirefoxDriver.<init>(FirefoxDriver.java:120)
	at com.longteng.qa.webdriver.DriverBase.launch(DriverBase.java:47)
	at com.longteng.selenium.testcase.P2pLoginCase.initPage(P2pLoginCase.java:18)
	at sun.reflect.NativeMethodAccessorImpl.invoke0(Native Method)
	at sun.reflect.NativeMethodAccessorImpl.invoke(NativeMethodAccessorImpl.java:57)
	at sun.reflect.DelegatingMethodAccessorImpl.invoke(DelegatingMethodAccessorImpl.java:43)
	at java.lang.reflect.Method.invoke(Method.java:606)
	at org.testng.internal.MethodInvocationHelper.invokeMethod(MethodInvocationHelper.java:85)
	at org.testng.internal.Invoker.invokeConfigurationMethod(Invoker.java:552)
	at org.testng.internal.Invoker.invokeConfigurations(Invoker.java:215)
	at org.testng.internal.Invoker.invokeConfigurations(Invoker.java:140)
	at org.testng.internal.TestMethodWorker.invokeBeforeClassMethods(TestMethodWorker.java:170)
	at org.testng.internal.TestMethodWorker.run(TestMethodWorker.java:104)
	at org.testng.TestRunner.privateRun(TestRunner.java:767)
	at org.testng.TestRunner.run(TestRunner.java:617)
	at org.testng.SuiteRunner.runTest(SuiteRunner.java:348)
	at org.testng.SuiteRunner.runSequentially(SuiteRunner.java:343)
	at org.testng.SuiteRunner.privateRun(SuiteRunner.java:305)
	at org.testng.SuiteRunner.run(SuiteRunner.java:254)
	at org.testng.SuiteRunnerWorker.runSuite(SuiteRunnerWorker.java:52)
	at org.testng.SuiteRunnerWorker.run(SuiteRunnerWorker.java:86)
	at org.testng.TestNG.runSuitesSequentially(TestNG.java:1224)
	at org.testng.TestNG.runSuitesLocally(TestNG.java:1149)
	at org.testng.TestNG.run(TestNG.java:1057)
	at org.testng.remote.AbstractRemoteTestNG.run(AbstractRemoteTestNG.java:132)
	at org.testng.remote.RemoteTestNG.initAndRun(RemoteTestNG.java:236)
	at org.testng.remote.RemoteTestNG.main(RemoteTestNG.java:81)
Caused by: org.openqa.selenium.WebDriverException: 'webdriver.firefox.bin' property set, but unable to locate the requested binary: C:\Firefox\firefox.exe
Build info: version: '2.53.1', revision: 'a36b8b1cd5757287168e54b817830adce9b0158d', time: '2016-06-30 19:26:09'
System info: host: 'DESKTOP-64VN1TE', ip: '192.168.1.11', os.name: 'Windows 8.1', os.arch: 'amd64', os.version: '6.3', java.version: '1.7.0_80'
Driver info: driver.version: FirefoxDriver
	at org.openqa.selenium.firefox.internal.Executable.locateFirefoxBinaryFromSystemProperty(Executable.java:146)
	at org.openqa.selenium.firefox.internal.Executable.<clinit>(Executable.java:45)
	... 29 more
]]>
            </full-stacktrace>
          </exception> <!-- java.lang.ExceptionInInitializerError -->
          <reporter-output>
            <line>
              <![CDATA[[LongTeng 2016-11-12 21:59:11] 打开Firefox浏览器]]>
            </line>
          </reporter-output>
        </test-method> <!-- initPage -->
        <test-method status="SKIP" signature="loginCase(java.lang.String, java.lang.String)[pri:0, instance:com.longteng.selenium.testcase.P2pLoginCase@4cbf811c]" name="loginCase" duration-ms="4" started-at="2016-11-12T21:59:11Z" data-provider="csv" finished-at="2016-11-12T21:59:11Z">
          <params>
            <param index="0">
              <value>
                <![CDATA[admin]]>
              </value>
            </param>
            <param index="1">
              <value>
                <![CDATA[admin]]>
              </value>
            </param>
          </params>
          <reporter-output>
          </reporter-output>
        </test-method> <!-- loginCase -->
        <test-method status="SKIP" signature="loginCase(java.lang.String, java.lang.String)[pri:0, instance:com.longteng.selenium.testcase.P2pLoginCase@4cbf811c]" name="loginCase" duration-ms="5" started-at="2016-11-12T21:59:11Z" data-provider="csv" finished-at="2016-11-12T21:59:11Z">
          <params>
            <param index="0">
              <value>
                <![CDATA[andawei]]>
              </value>
            </param>
            <param index="1">
              <value>
                <![CDATA[123456]]>
              </value>
            </param>
          </params>
          <reporter-output>
          </reporter-output>
        </test-method> <!-- loginCase -->
        <test-method status="SKIP" signature="closedBrow()[pri:0, instance:com.longteng.selenium.testcase.P2pLoginCase@4cbf811c]" name="closedBrow" is-config="true" duration-ms="0" started-at="2016-11-12T21:59:11Z" finished-at="2016-11-12T21:59:11Z">
          <reporter-output>
          </reporter-output>
        </test-method> <!-- closedBrow -->
      </class> <!-- com.longteng.selenium.testcase.P2pLoginCase -->
      <class name="com.longteng.selenium.testcase.AllCreditCase">
        <test-method status="PASS" signature="beforeTestBase()[pri:0, instance:com.longteng.selenium.testcase.AllCreditCase@cae945]" name="beforeTestBase" is-config="true" duration-ms="16" started-at="2016-11-12T21:59:11Z" finished-at="2016-11-12T21:59:11Z">
          <reporter-output>
          </reporter-output>
        </test-method> <!-- beforeTestBase -->
        <test-method status="PASS" signature="afterTest()[pri:0, instance:com.longteng.selenium.testcase.AllCreditCase@cae945]" name="afterTest" is-config="true" duration-ms="1" started-at="2016-11-12T21:59:11Z" finished-at="2016-11-12T21:59:11Z">
          <reporter-output>
          </reporter-output>
        </test-method> <!-- afterTest -->
      </class> <!-- com.longteng.selenium.testcase.AllCreditCase -->
    </test> <!-- test -->
  </suite> <!-- suite -->
</testng-results>
